<?xml version="1.0" encoding="UTF-8"?>
<testsuite name="edu.rice.comp427.model.response.ResponseTest" time="0" tests="3" errors="0" skipped="0" failures="0">
  <properties>
[...]
</properties>
  <testcase name="testMakeResponse2" classname="edu.rice.comp427.model.response.ResponseTest" time="0"/>
  <testcase name="testMakeResponse3" classname="edu.rice.comp427.model.response.ResponseTest" time="0"/>
  <testcase name="testMakeResponse" classname="edu.rice.comp427.model.response.ResponseTest" time="0"/>
</testsuite>